I Ran on:
I started on:
Fri Jul 31 08:34:51 CDT 2020
The geometry you built is entirely in the space.
number_origin 76800
number_real 76800
Cost 115ms to build and allocate A from host to device
 500  2 
###EVO ITERATION 0
###START ORIGINAL PROBLEM
--------------Calculation start. Iterative method used: BICGSTAB---------------

Threads6
--------------Calculation finished. Duration: 3.728s.-------------------
              Error: 9.66452e-06
              Iteration: 60

objective function at iteration 0 is 3.86016
-------------------------------Time consumption of one obj with no pre-stored A22696###START PARTIAL DERIVATIVE
Devp: (-0.002931,-0.00576519)
------------------------finished in 496 s
###START ADJOINT PROBLEM
--------------Calculation start. Iterative method used: BICGSTAB---------------

Threads6
                Iter 100, error=0.0703773 MAX_ERROR=1e-05
--------------Calculation finished. Duration: 8.846s.-------------------
              Error: 7.9557e-06
              Iteration: 145

#####################Using Adam Optimizer.###################
gradients: 0.127941
epsilon = 1
1 0
###EVO ITERATION 1
###START ORIGINAL PROBLEM
--------------Calculation start. Iterative method used: BICGSTAB---------------

Threads6
                Iter 100, error=0.00466691 MAX_ERROR=1e-05
                Iter 200, error=2.53773e-05 MAX_ERROR=1e-05
--------------Calculation finished. Duration: 12.833s.-------------------
              Error: 9.21297e-06
              Iteration: 211

objective function at iteration 1 is 3.65687
-------------------------------Time consumption of one obj with no pre-stored A22678###START PARTIAL DERIVATIVE
slurmstepd: error: *** JOB 1266225 ON bc11u11n1 CANCELLED AT 2020-07-31T08:44:57 DUE TO TIME LIMIT ***
